<?xml version="1.0" encoding="UTF-8"?>
<testng-results ignored="0" total="1" passed="1" failed="0" skipped="0">
  <reporter-output>
  </reporter-output>
  <suite started-at="2024-12-09T21:02:14 IST" name="Suite" finished-at="2024-12-09T21:02:20 IST" duration-ms="6491">
    <groups>
    </groups>
    <test started-at="2024-12-09T21:02:14 IST" name="Test" finished-at="2024-12-09T21:02:20 IST" duration-ms="6491">
      <class name="testCases.TC002_LoginTest">
        <test-method is-config="true" signature="setup(java.lang.String,java.lang.String)[pri:0, instance:testCases.TC002_LoginTest@55b0dcab]" started-at="2024-12-09T21:02:14 IST" name="setup" finished-at="2024-12-09T21:02:18 IST" duration-ms="4594" status="PASS">
          <params>
            <param index="0">
              <value>
                <![CDATA[Windows]]>
              </value>
            </param>
            <param index="1">
              <value>
                <![CDATA[chrome]]>
              </value>
            </param>
          </params>
          <reporter-output>
          </reporter-output>
        </test-method> <!-- setup -->
        <test-method signature="verify_Login()[pri:0, instance:testCases.TC002_LoginTest@55b0dcab]" started-at="2024-12-09T21:02:18 IST" name="verify_Login" finished-at="2024-12-09T21:02:20 IST" duration-ms="1858" status="PASS">
          <reporter-output>
          </reporter-output>
        </test-method> <!-- verify_Login -->
      </class> <!-- testCases.TC002_LoginTest -->
    </test> <!-- Test -->
  </suite> <!-- Suite -->
</testng-results>
